\BOOKMARK [1][-]{section.1}{Introduction}{}% 1
\BOOKMARK [1][-]{section.2}{Problem Description}{}% 2
\BOOKMARK [2][-]{subsection.2.1}{Datasets}{section.2}% 3
\BOOKMARK [3][-]{subsubsection.2.1.1}{MovieTriples}{subsection.2.1}% 4
\BOOKMARK [3][-]{subsubsection.2.1.2}{SubTle}{subsection.2.1}% 5
\BOOKMARK [2][-]{subsection.2.2}{Preprocessing}{section.2}% 6
\BOOKMARK [1][-]{section.3}{Models}{}% 7
\BOOKMARK [2][-]{subsection.3.1}{Recurrent Neural Network}{section.3}% 8
\BOOKMARK [3][-]{subsubsection.3.1.1}{Long Short-Term Memory Unit}{subsection.3.1}% 9
\BOOKMARK [3][-]{subsubsection.3.1.2}{Gated Recurrent Unit}{subsection.3.1}% 10
\BOOKMARK [2][-]{subsection.3.2}{Sequence-To-Sequence Recurrent Encoder-Decoder}{section.3}% 11
\BOOKMARK [2][-]{subsection.3.3}{Hierarchical Recurrent Encoder-Decoder}{section.3}% 12
\BOOKMARK [2][-]{subsection.3.4}{Bootstrapping Word Embeddings / SubTle}{section.3}% 13
\BOOKMARK [2][-]{subsection.3.5}{Evaluation Metrics}{section.3}% 14
\BOOKMARK [3][-]{subsubsection.3.5.1}{Perplexity}{subsection.3.5}% 15
\BOOKMARK [3][-]{subsubsection.3.5.2}{Error rate}{subsection.3.5}% 16
\BOOKMARK [1][-]{section.4}{Experiments}{}% 17
\BOOKMARK [2][-]{subsection.4.1}{Sequence-To-Sequence Recurrent Encoder-Decoder}{section.4}% 18
\BOOKMARK [2][-]{subsection.4.2}{Hierarchical Recurrent Encoder-Decoder}{section.4}% 19
\BOOKMARK [2][-]{subsection.4.3}{Bootstrapping Word Embeddings / SubTle}{section.4}% 20
\BOOKMARK [2][-]{subsection.4.4}{Generated Dialogue}{section.4}% 21
\BOOKMARK [2][-]{subsection.4.5}{Summary}{section.4}% 22
\BOOKMARK [1][-]{section.5}{Conclusion}{}% 23
\BOOKMARK [1][-]{section.6}{Acknowledgments}{}% 24
\BOOKMARK [1][-]{section.7}{Code}{}% 25
